<?xml version="1.0" encoding="UTF-8"?>
<!-- Generated by org.testng.reporters.JUnitReportReporter -->
<testsuite hostname="LAPTOP-BM75QIK9" failures="0" tests="3" name="homwworkTestNG.VehicleInsurance" time="0.011" errors="0" timestamp="2022-04-06T12:57:21 IST" skipped="0">
  <testcase classname="homwworkTestNG.VehicleInsurance" name="webLoginVehicle" time="0.004"/>
  <system-out/>
  <testcase classname="homwworkTestNG.VehicleInsurance" name="mobileLoginVehicle" time="0.002"/>
  <system-out/>
  <testcase classname="homwworkTestNG.VehicleInsurance" name="apiLoginVehicle" time="0.005"/>
  <system-out/>
</testsuite> <!-- homwworkTestNG.VehicleInsurance -->
