<?xml version="1.0" encoding="UTF-8"?>
<!-- Generated by org.testng.reporters.JUnitReportReporter -->
<testsuite hostname="LAPTOP-BM75QIK9" failures="0" tests="1" name="actionclassdemo.MouseHover" time="15.567" errors="0" timestamp="2022-04-11T17:49:32 IST" skipped="0">
  <testcase classname="actionclassdemo.MouseHover" name="demoMouseHover" time="15.567"/>
  <system-out/>
</testsuite> <!-- actionclassdemo.MouseHover -->
