<?xml version="1.0" encoding="UTF-8"?>
<!-- Generated by org.testng.reporters.JUnitReportReporter -->
<testsuite hostname="LAPTOP-BM75QIK9" failures="0" tests="1" name="automationselenium.TestngSample" time="0.018" errors="0" timestamp="2022-04-06T12:39:15 IST" skipped="0">
  <testcase classname="automationselenium.TestngSample" name="demo" time="0.018"/>
  <system-out/>
</testsuite> <!-- automationselenium.TestngSample -->
