<?xml version="1.0" encoding="UTF-8"?>
<!-- Generated by org.testng.reporters.JUnitReportReporter -->
<testsuite hostname="LAPTOP-BM75QIK9" failures="0" tests="1" name="testngbasics.GroupingSample" time="0.015" errors="0" timestamp="2022-04-06T13:52:15 IST" skipped="0">
  <testcase classname="testngbasics.GroupingSample" name="testFour" time="0.015"/>
  <system-out/>
</testsuite> <!-- testngbasics.GroupingSample -->
