<?xml version="1.0" encoding="UTF-8"?>
<!-- Generated by org.testng.reporters.JUnitReportReporter -->
<testsuite hostname="LAPTOP-BM75QIK9" failures="0" tests="1" name="testngbasics.ParameterSample" time="36.410" errors="0" timestamp="2022-04-06T13:59:30 IST" skipped="0">
  <testcase classname="testngbasics.ParameterSample" name="demo" time="36.410"/>
  <system-out/>
</testsuite> <!-- testngbasics.ParameterSample -->
