<?xml version="1.0" encoding="UTF-8"?>
<!-- Generated by org.testng.reporters.JUnitReportReporter -->
<testsuite hostname="LAPTOP-BM75QIK9" failures="0" tests="1" name="actionclassdemo.DoubleClick" time="25.443" errors="0" timestamp="2022-04-11T17:47:13 IST" skipped="0">
  <testcase classname="actionclassdemo.DoubleClick" name="demoDoubleClick" time="25.443"/>
  <system-out/>
</testsuite> <!-- actionclassdemo.DoubleClick -->
