<?xml version="1.0" encoding="UTF-8"?>
<!-- Generated by org.testng.reporters.JUnitReportReporter -->
<testsuite hostname="LAPTOP-BM75QIK9" failures="0" tests="3" name="homwworkTestNG.HomeInsurance" time="0.020" errors="0" timestamp="2022-04-06T12:57:21 IST" skipped="0">
  <testcase classname="homwworkTestNG.HomeInsurance" name="webLoginVehicle" time="0.012"/>
  <system-out/>
  <testcase classname="homwworkTestNG.HomeInsurance" name="mobileLoginVehicle" time="0.003"/>
  <system-out/>
  <testcase classname="homwworkTestNG.HomeInsurance" name="apiLoginVehicle" time="0.005"/>
  <system-out/>
</testsuite> <!-- homwworkTestNG.HomeInsurance -->
