<?xml version="1.0" encoding="UTF-8"?>
<!-- Generated by org.testng.reporters.JUnitReportReporter -->
<testsuite hostname="LAPTOP-BM75QIK9" failures="0" tests="3" name="testngbasics.GardenInsurance" time="0.020" errors="0" timestamp="2022-04-06T13:47:44 IST" skipped="0">
  <testcase classname="testngbasics.GardenInsurance" name="webLoginGarden" time="0.003"/>
  <system-out/>
  <testcase classname="testngbasics.GardenInsurance" name="mobileLoginGarden" time="0.003"/>
  <system-out/>
  <testcase classname="testngbasics.GardenInsurance" name="apiLoginGarden" time="0.014"/>
  <system-out/>
</testsuite> <!-- testngbasics.GardenInsurance -->
