<?xml version="1.0" encoding="UTF-8"?>
<!-- Generated by org.testng.reporters.JUnitReportReporter -->
<testsuite hostname="LAPTOP-BM75QIK9" failures="0" tests="4" name="com.payroll.testcases.LoginTest" time="102.901" errors="0" timestamp="2022-05-05T07:14:15 IST" skipped="0">
  <testcase classname="com.payroll.testcases.LoginTest" name="loginTestTitle" time="39.068"/>
  <system-out/>
  <testcase classname="com.payroll.testcases.LoginTest" name="validateURL" time="16.290"/>
  <system-out/>
  <testcase classname="com.payroll.testcases.LoginTest" name="validateInvalidLogin" time="21.599"/>
  <system-out/>
  <testcase classname="com.payroll.testcases.LoginTest" name="validateReset" time="25.944"/>
  <system-out/>
</testsuite> <!-- com.payroll.testcases.LoginTest -->
