<?xml version="1.0" encoding="UTF-8"?>
<!-- Generated by org.testng.reporters.JUnitReportReporter -->
<testsuite hostname="LAPTOP-BM75QIK9" failures="0" tests="1" name="com.payroll.testcases.HomePageTest" time="3.973" errors="0" timestamp="2022-05-03T19:07:11 IST" skipped="0">
  <testcase classname="com.payroll.testcases.HomePageTest" name="homeValidateLogo" time="3.973"/>
  <system-out/>
</testsuite> <!-- com.payroll.testcases.HomePageTest -->
