<?xml version="1.0" encoding="UTF-8"?>
<!-- Generated by org.testng.reporters.JUnitReportReporter -->
<testsuite hostname="LAPTOP-BM75QIK9" failures="0" tests="1" name="com.payroll.testcases.PayslipTest" time="28.925" errors="0" timestamp="2022-05-04T19:27:16 IST" skipped="0">
  <testcase classname="com.payroll.testcases.PayslipTest" name="validatePagination" time="28.925"/>
  <system-out/>
</testsuite> <!-- com.payroll.testcases.PayslipTest -->
