<?xml version="1.0" encoding="UTF-8"?>
<!-- Generated by org.testng.reporters.JUnitReportReporter -->
<testsuite hostname="LAPTOP-BM75QIK9" failures="0" tests="4" name="com.payroll.testcases.WorkersTest" time="121.801" errors="0" timestamp="2022-05-05T22:25:18 IST" skipped="0">
  <testcase classname="com.payroll.testcases.WorkersTest" name="verifyClientSearch" time="15.188"/>
  <system-out/>
  <testcase classname="com.payroll.testcases.WorkersTest" name="verifyFirstNameSearchBtn" time="18.881"/>
  <system-out/>
  <testcase classname="com.payroll.testcases.WorkersTest" name="verifyCreateWorkerPossible" time="14.352"/>
  <system-out/>
  <testcase classname="com.payroll.testcases.WorkersTest" name="createNewWorker1" time="73.380"/>
  <system-out/>
</testsuite> <!-- com.payroll.testcases.WorkersTest -->
