<?xml version="1.0" encoding="UTF-8"?>
<!-- Generated by org.testng.reporters.JUnitReportReporter -->
<testsuite hostname="LAPTOP-BM75QIK9" failures="0" tests="7" name="com.payroll.testcases.ClientTest" time="223.258" errors="0" timestamp="2022-05-05T22:41:26 IST" skipped="0">
  <testcase classname="com.payroll.testcases.ClientTest" name="verifyClientSearch" time="23.285"/>
  <system-out/>
  <testcase classname="com.payroll.testcases.ClientTest" name="verifySearchByName" time="45.089"/>
  <system-out/>
  <testcase classname="com.payroll.testcases.ClientTest" name="verifySearchByID" time="25.079"/>
  <system-out/>
  <testcase classname="com.payroll.testcases.ClientTest" name="verifyResetBtn" time="22.380"/>
  <system-out/>
  <testcase classname="com.payroll.testcases.ClientTest" name="verifyCreateClient" time="57.491"/>
  <system-out/>
  <testcase classname="com.payroll.testcases.ClientTest" name="viewExistingUserVerify" time="19.318"/>
  <system-out/>
  <testcase classname="com.payroll.testcases.ClientTest" name="verifyEditExistingClient" time="30.616"/>
  <system-out/>
</testsuite> <!-- com.payroll.testcases.ClientTest -->
