<?xml version="1.0" encoding="UTF-8"?>
<!-- Generated by org.testng.reporters.JUnitReportReporter -->
<testsuite hostname="LAPTOP-BM75QIK9" failures="0" tests="1" name="com.payroll.testcases.ClientTest" time="5.095" errors="0" timestamp="2022-05-03T08:33:54 IST" skipped="0">
  <testcase classname="com.payroll.testcases.ClientTest" name="verifyClientSearch" time="5.095"/>
  <system-out/>
</testsuite> <!-- com.payroll.testcases.ClientTest -->
