<?xml version="1.0" encoding="UTF-8"?>
<!-- Generated by org.testng.reporters.JUnitReportReporter -->
<testsuite hostname="LAPTOP-BM75QIK9" failures="0" tests="1" name="com.payroll.testcases.WorkersTest" time="52.685" errors="0" timestamp="2022-05-04T22:31:45 IST" skipped="0">
  <testcase classname="com.payroll.testcases.WorkersTest" name="createNewWorker1" time="52.685"/>
  <system-out/>
</testsuite> <!-- com.payroll.testcases.WorkersTest -->
