<?xml version="1.0" encoding="UTF-8"?>
<!-- Generated by org.testng.reporters.JUnitReportReporter -->
<testsuite hostname="LAPTOP-BM75QIK9" failures="0" tests="2" name="com.payroll.testcases.LogoutTest" time="75.460" errors="0" timestamp="2022-05-05T22:49:53 IST" skipped="0">
  <testcase classname="com.payroll.testcases.LogoutTest" name="logoutVerify" time="41.227"/>
  <system-out/>
  <testcase classname="com.payroll.testcases.LogoutTest" name="logoutFullProfileLinkVerify" time="34.233"/>
  <system-out/>
</testsuite> <!-- com.payroll.testcases.LogoutTest -->
