<?xml version="1.0" encoding="UTF-8"?>
<!-- Generated by org.testng.reporters.JUnitReportReporter -->
<testsuite hostname="LAPTOP-BM75QIK9" failures="0" tests="4" name="com.payroll.testcases.ReportTest" time="180.175" errors="0" timestamp="2022-05-06T05:16:38 IST" skipped="0">
  <testcase classname="com.payroll.testcases.ReportTest" name="validateDeductionHistorySelectWorker" time="39.339"/>
  <system-out/>
  <testcase classname="com.payroll.testcases.ReportTest" name="verifyClientSearch" time="51.267"/>
  <system-out/>
  <testcase classname="com.payroll.testcases.ReportTest" name="verifyExportPageDetails" time="27.008"/>
  <system-out/>
  <testcase classname="com.payroll.testcases.ReportTest" name="verifyGraphicalData" time="62.561"/>
  <system-out/>
</testsuite> <!-- com.payroll.testcases.ReportTest -->
