<?xml version="1.0" encoding="UTF-8"?>
<!-- Generated by org.testng.reporters.JUnitReportReporter -->
<testsuite hostname="LAPTOP-BM75QIK9" failures="0" tests="3" name="com.payroll.testcases.ReportTest" time="121.976" errors="0" timestamp="2022-05-04T08:38:44 IST" skipped="0">
  <testcase classname="com.payroll.testcases.ReportTest" name="verifyClientSearch" time="51.619"/>
  <system-out/>
  <testcase classname="com.payroll.testcases.ReportTest" name="verifyExportPageDetails" time="22.917"/>
  <system-out/>
  <testcase classname="com.payroll.testcases.ReportTest" name="verifyGraphicalData" time="47.440"/>
  <system-out/>
</testsuite> <!-- com.payroll.testcases.ReportTest -->
