<?xml version="1.0" encoding="UTF-8"?>
<!-- Generated by org.testng.reporters.JUnitReportReporter -->
<testsuite hostname="LAPTOP-BM75QIK9" failures="0" tests="1" name="com.payroll.testcases.ClientTest" time="59.490" errors="0" timestamp="2022-05-05T10:33:37 IST" skipped="0">
  <testcase classname="com.payroll.testcases.ClientTest" name="verifyCreateClient" time="59.490"/>
  <system-out/>
</testsuite> <!-- com.payroll.testcases.ClientTest -->
