<?xml version="1.0" encoding="UTF-8"?>
<!-- Generated by org.testng.reporters.JUnitReportReporter -->
<testsuite hostname="LAPTOP-BM75QIK9" failures="0" tests="1" name="com.payroll.testcases.CompanyTest" time="4.143" errors="0" timestamp="2022-05-03T20:15:11 IST" skipped="0">
  <testcase classname="com.payroll.testcases.CompanyTest" name="companyBtnVerifyAlertMesg" time="4.143"/>
  <system-out/>
</testsuite> <!-- com.payroll.testcases.CompanyTest -->
