<?xml version="1.0" encoding="UTF-8"?>
<!-- Generated by org.testng.reporters.JUnitReportReporter -->
<testsuite hostname="LAPTOP-BM75QIK9" failures="0" tests="1" name="sampletestcases.HomePageTest_001" time="33.114" errors="0" timestamp="2022-04-30T16:36:44 IST" skipped="0">
  <testcase classname="sampletestcases.HomePageTest_001" name="verifyLoginTest" time="33.114"/>
  <system-out/>
</testsuite> <!-- sampletestcases.HomePageTest_001 -->
