<?xml version="1.0" encoding="UTF-8"?>
<!-- Generated by org.testng.reporters.JUnitReportReporter -->
<testsuite hostname="LAPTOP-BM75QIK9" failures="0" tests="1" name="sampletestcases.LoginTest_001" time="16.565" errors="0" timestamp="2022-04-28T11:05:03 IST" skipped="0">
  <testcase classname="sampletestcases.LoginTest_001" name="loginTest" time="16.565"/>
  <system-out/>
</testsuite> <!-- sampletestcases.LoginTest_001 -->
