<?xml version="1.0" encoding="UTF-8"?>
<!-- Generated by org.testng.reporters.JUnitReportReporter -->
<testsuite hostname="LAPTOP-BM75QIK9" failures="0" tests="1" name="with_pagefactorytest.LoginTestWithPageFactory" time="17.502" errors="0" timestamp="2022-04-25T18:01:07 IST" skipped="0">
  <testcase classname="with_pagefactorytest.LoginTestWithPageFactory" name="verifyLogin" time="17.502"/>
  <system-out/>
</testsuite> <!-- with_pagefactorytest.LoginTestWithPageFactory -->
