<?xml version="1.0" encoding="UTF-8"?>
<!-- Generated by org.testng.reporters.JUnitReportReporter -->
<testsuite hostname="LAPTOP-BM75QIK9" failures="0" tests="1" name="pageobjectstest.LoginTesting" time="26.712" errors="0" timestamp="2022-04-25T17:16:48 IST" skipped="0">
  <testcase classname="pageobjectstest.LoginTesting" name="verifyLogin" time="26.712"/>
  <system-out/>
</testsuite> <!-- pageobjectstest.LoginTesting -->
