<?xml version="1.0" encoding="UTF-8"?>
<!-- Generated by org.testng.reporters.JUnitReportReporter -->
<testsuite hostname="LAPTOP-BM75QIK9" failures="0" tests="1" name="pageobjects_withoutpagefactoryt.LoginTesting" time="19.044" errors="0" timestamp="2022-04-26T14:43:00 IST" skipped="0">
  <testcase classname="pageobjects_withoutpagefactoryt.LoginTesting" name="verifyLogin" time="19.044"/>
  <system-out/>
</testsuite> <!-- pageobjects_withoutpagefactoryt.LoginTesting -->
